<?xml version="1.0" encoding="UTF-8"?>
<!-- Generated by org.testng.reporters.JUnitReportReporter -->
<testsuite hostname="DESKTOP-U7JVCTB" failures="0" tests="2" name="BDD.Cucumber.TestRunner" time="7.769" errors="0" timestamp="2024-09-11T10:27:40 IST" skipped="0">
  <testcase classname="BDD.Cucumber.TestRunner" name="runScenario" time="2.823"/>
  <system-out/>
  <testcase classname="BDD.Cucumber.TestRunner" name="runScenario" time="4.946"/>
  <system-out/>
</testsuite> <!-- BDD.Cucumber.TestRunner -->
